2018-12-07 15:04:02 +0000 [MT] Initial pipeline context: <IDEDistributionProcessingPipelineContext: 0x7f98c4b56ee0; archive(resolved)='<IDEArchive: 0x7f98c4929160>', distributionTask(resolved)='2', distributionDestination(resolved)='1', distributionMethod(resolved)='<IDEDistributionMethodiOSAppStoreDistribution: 0x7f98c48f25a0>', team(resolved)='<IDEProvisioningBasicTeam: 0x7f98c2fefaf0; teamID='V52CQL5L43', teamName='(null)'>'>
	Chain (11, self inclusive):
	<IDEDistributionProcessingPipelineContext: 0x7f98c4b56ee0; archive = '<IDEArchive: 0x7f98c4929160>', distributionMethod='<IDEDistributionMethodiOSAppStoreDistribution: 0x7f98c48f25a0>', team='<IDEProvisioningBasicTeam: 0x7f98c2fefaf0; teamID='V52CQL5L43', teamName='(null)'>'>
	<IDEDistributionProcessingPipelineContext: 0x7f98c4b551b0; archive = '<IDEArchive: 0x7f98c4929160>', distributionMethod='<IDEDistributionMethodiOSAppStoreDistribution: 0x7f98c48f25a0>', team='<IDEProvisioningBasicTeam: 0x7f98c2fefaf0; teamID='V52CQL5L43', teamName='(null)'>'>
	<IDEDistributionContext: 0x7f98c4b3f180; archive = '<IDEArchive: 0x7f98c4929160>', distributionMethod='<IDEDistributionMethodiOSAppStoreDistribution: 0x7f98c48f25a0>', team='<IDEProvisioningBasicTeam: 0x7f98c2fefaf0; teamID='V52CQL5L43', teamName='(null)'>'>
	<IDEDistributionContext: 0x7f98c4b3cb30; archive = '<IDEArchive: 0x7f98c4929160>', distributionMethod='<IDEDistributionMethodiOSAppStoreDistribution: 0x7f98c48f25a0>', team='<IDEProvisioningBasicTeam: 0x7f98c2fefaf0; teamID='V52CQL5L43', teamName='(null)'>'>
	<IDEDistributionContext: 0x7f98c4c09fd0; archive = '<IDEArchive: 0x7f98c4929160>', distributionMethod='<IDEDistributionMethodiOSAppStoreDistribution: 0x7f98c48f25a0>', team='<IDEProvisioningBasicTeam: 0x7f98c2fefaf0; teamID='V52CQL5L43', teamName='(null)'>'>
	<IDEDistributionContext: 0x7f98c4b18d40; archive = '<IDEArchive: 0x7f98c4929160>', distributionMethod='<IDEDistributionMethodiOSAppStoreDistribution: 0x7f98c48f25a0>', team='<IDEProvisioningBasicTeam: 0x7f98c2fefaf0; teamID='V52CQL5L43', teamName='(null)'>'>
	<IDEDistributionContext: 0x7f98c2fe8800; archive = '<IDEArchive: 0x7f98c4929160>', distributionMethod='<IDEDistributionMethodiOSAppStoreDistribution: 0x7f98c48f25a0>', team='<IDEProvisioningBasicTeam: 0x7f98c2fefaf0; teamID='V52CQL5L43', teamName='(null)'>'>
	<IDEDistributionContext: 0x7f98c4b03e10; archive = '<IDEArchive: 0x7f98c4929160>', distributionMethod='<IDEDistributionMethodiOSAppStoreDistribution: 0x7f98c48f25a0>', team='<IDEProvisioningBasicTeam: 0x7f98c2fefaf0; teamID='V52CQL5L43', teamName='(null)'>'>
	<IDEDistributionContext: 0x7f98c2c7fca0; archive = '<IDEArchive: 0x7f98c4929160>', distributionMethod='<IDEDistributionMethodiOSAppStoreDistribution: 0x7f98c48f25a0>', team='<IDEProvisioningBasicTeam: 0x7f98c2fefaf0; teamID='V52CQL5L43', teamName='(null)'>'>
	<IDEDistributionContext: 0x7f98c2fdd0a0; archive = '<IDEArchive: 0x7f98c4929160>', distributionMethod='<IDEDistributionMethodiOSAppStoreDistribution: 0x7f98c48f25a0>', team='(null)'>
	<IDEDistributionContext: 0x7f98c4929e60; archive = '<IDEArchive: 0x7f98c4929160>', distributionMethod='(null)', team='(null)'>
</IDEDistributionProcessingPipelineContext: 0x7f98c4b56ee0>
2018-12-07 15:04:02 +0000 [MT] Processing step: IDEDistributionCreateDestRootStep
2018-12-07 15:04:02 +0000 [MT] Processing step: IDEDistributionCopyItemStep
2018-12-07 15:04:02 +0000 [MT] Running /usr/bin/ditto '-V' '/Users/teemo/Desktop/SwiftTest/TeeMoTest/build/TeeMoTest.xcarchive/Products/Applications/TeeMoTest.app' '/var/folders/tm/h96gfqgn72z2nmtb071rzgyc0000gn/T/XcodeDistPipeline.JQo/Root/Payload/TeeMoTest.app'
2018-12-07 15:04:02 +0000  >>> Copying /Users/teemo/Desktop/SwiftTest/TeeMoTest/build/TeeMoTest.xcarchive/Products/Applications/TeeMoTest.app 
2018-12-07 15:04:02 +0000  copying file ./_CodeSignature/CodeResources ... 
2018-12-07 15:04:02 +0000  10187 bytes for ./_CodeSignature/CodeResources
2018-12-07 15:04:02 +0000  copying file ./AppIcon20x20@2x.png ... 
2018-12-07 15:04:02 +0000  2022 bytes for ./AppIcon20x20@2x.png
copying file ./AppIcon20x20@3x.png ... 
2018-12-07 15:04:02 +0000  2486 bytes for ./AppIcon20x20@3x.png
copying file ./AppIcon60x60@2x.png ... 
2018-12-07 15:04:02 +0000  4092 bytes for ./AppIcon60x60@2x.png
copying file ./AppIcon29x29@2x.png ... 
2018-12-07 15:04:02 +0000  2424 bytes for ./AppIcon29x29@2x.png
copying file ./AppIcon40x40@3x.png ... 
2018-12-07 15:04:02 +0000  4092 bytes for ./AppIcon40x40@3x.png
copying file ./AppIcon29x29~ipad.png ... 
2018-12-07 15:04:02 +0000  953 bytes for ./AppIcon29x29~ipad.png
2018-12-07 15:04:02 +0000  copying file ./AppIcon40x40@2x.png ... 
2018-12-07 15:04:02 +0000  3163 bytes for ./AppIcon40x40@2x.png
copying file ./AppIcon29x29@3x.png ... 
2018-12-07 15:04:02 +0000  3321 bytes for ./AppIcon29x29@3x.png
2018-12-07 15:04:02 +0000  copying file ./AppIcon60x60@3x.png ... 
2018-12-07 15:04:02 +0000  5657 bytes for ./AppIcon60x60@3x.png
2018-12-07 15:04:02 +0000  copying file ./Base.lproj/Main.storyboardc/UIViewController-BYZ-38-t0r.nib ... 
2018-12-07 15:04:02 +0000  916 bytes for ./Base.lproj/Main.storyboardc/UIViewController-BYZ-38-t0r.nib
copying file ./Base.lproj/Main.storyboardc/BYZ-38-t0r-view-8bC-Xf-vdC.nib ... 
2018-12-07 15:04:02 +0000  1986 bytes for ./Base.lproj/Main.storyboardc/BYZ-38-t0r-view-8bC-Xf-vdC.nib
2018-12-07 15:04:02 +0000  copying file ./Base.lproj/Main.storyboardc/Info.plist ... 
2018-12-07 15:04:02 +0000  258 bytes for ./Base.lproj/Main.storyboardc/Info.plist
2018-12-07 15:04:02 +0000  copying file ./Base.lproj/LaunchScreen.storyboardc/01J-lp-oVM-view-Ze5-6b-2t3.nib ... 
2018-12-07 15:04:02 +0000  1995 bytes for ./Base.lproj/LaunchScreen.storyboardc/01J-lp-oVM-view-Ze5-6b-2t3.nib
copying file ./Base.lproj/LaunchScreen.storyboardc/UIViewController-01J-lp-oVM.nib ... 
2018-12-07 15:04:02 +0000  832 bytes for ./Base.lproj/LaunchScreen.storyboardc/UIViewController-01J-lp-oVM.nib
copying file ./Base.lproj/LaunchScreen.storyboardc/Info.plist ... 
2018-12-07 15:04:02 +0000  258 bytes for ./Base.lproj/LaunchScreen.storyboardc/Info.plist
2018-12-07 15:04:02 +0000  copying file ./TeeMoTest ... 
2018-12-07 15:04:02 +0000  300976 bytes for ./TeeMoTest
copying file ./Assets.car ... 
2018-12-07 15:04:02 +0000  97512 bytes for ./Assets.car
copying file ./AppIcon40x40@2x~ipad.png ... 
2018-12-07 15:04:02 +0000  3163 bytes for ./AppIcon40x40@2x~ipad.png
2018-12-07 15:04:02 +0000  copying file ./AppIcon76x76@2x~ipad.png ... 
2018-12-07 15:04:02 +0000  4962 bytes for ./AppIcon76x76@2x~ipad.png
copying file ./AppIcon83.5x83.5@2x~ipad.png ... 
2018-12-07 15:04:02 +0000  5575 bytes for ./AppIcon83.5x83.5@2x~ipad.png
2018-12-07 15:04:02 +0000  copying file ./AppIcon29x29@2x~ipad.png ... 
2018-12-07 15:04:02 +0000  2424 bytes for ./AppIcon29x29@2x~ipad.png
copying file ./AppIcon40x40~ipad.png ... 
2018-12-07 15:04:02 +0000  2022 bytes for ./AppIcon40x40~ipad.png
2018-12-07 15:04:02 +0000  copying file ./AppIcon20x20~ipad.png ... 
2018-12-07 15:04:02 +0000  720 bytes for ./AppIcon20x20~ipad.png
copying file ./embedded.mobileprovision ... 
2018-12-07 15:04:02 +0000  9716 bytes for ./embedded.mobileprovision
copying file ./AppIcon20x20@2x~ipad.png ... 
2018-12-07 15:04:02 +0000  2022 bytes for ./AppIcon20x20@2x~ipad.png
2018-12-07 15:04:02 +0000  copying file ./Info.plist ... 
2018-12-07 15:04:02 +0000  1356 bytes for ./Info.plist
copying file ./PkgInfo ... 
2018-12-07 15:04:02 +0000  8 bytes for ./PkgInfo
copying file ./AppIcon76x76~ipad.png ... 
2018-12-07 15:04:02 +0000  2491 bytes for ./AppIcon76x76~ipad.png
2018-12-07 15:04:02 +0000 [MT] /usr/bin/ditto exited with 0
2018-12-07 15:04:02 +0000 [MT] Processing step: IDEDistributionEmbedProfileStep
2018-12-07 15:04:02 +0000 [MT] Processing step: IDEDistributionItemRemovalStep
2018-12-07 15:04:02 +0000 [MT] Processing step: IDEDistributionAppThinningPlistStep
2018-12-07 15:04:02 +0000 [MT] Skipping step: IDEDistributionAppThinningPlistStep because it said so
2018-12-07 15:04:02 +0000 [MT] Processing step: IDEDistributionCompileBitcodeStep
2018-12-07 15:04:02 +0000 [MT] Skipping step: IDEDistributionCompileBitcodeStep because it said so
2018-12-07 15:04:02 +0000 [MT] Processing step: IDEDistributionCodeSlimmingStep
2018-12-07 15:04:02 +0000 [MT] Processing step: IDEDistributionCopyBCSymbolMapsStep
2018-12-07 15:04:02 +0000 [MT] Running /usr/bin/ditto '-V' '/Users/teemo/Desktop/SwiftTest/TeeMoTest/build/TeeMoTest.xcarchive/BCSymbolMaps/9A74F423-BC18-38B5-827B-36A456B164A1.bcsymbolmap' '/var/folders/tm/h96gfqgn72z2nmtb071rzgyc0000gn/T/XcodeDistPipeline.JQo/Root/BCSymbolMaps/9A74F423-BC18-38B5-827B-36A456B164A1.bcsymbolmap'
2018-12-07 15:04:02 +0000  >>> Copying /Users/teemo/Desktop/SwiftTest/TeeMoTest/build/TeeMoTest.xcarchive/BCSymbolMaps/9A74F423-BC18-38B5-827B-36A456B164A1.bcsymbolmap 
2018-12-07 15:04:02 +0000  copying file ./9A74F423-BC18-38B5-827B-36A456B164A1.bcsymbolmap ... 
2018-12-07 15:04:02 +0000  1290 bytes for ./9A74F423-BC18-38B5-827B-36A456B164A1.bcsymbolmap
2018-12-07 15:04:02 +0000 [MT] /usr/bin/ditto exited with 0
2018-12-07 15:04:02 +0000 [MT] Running /usr/bin/ditto '-V' '/Users/teemo/Desktop/SwiftTest/TeeMoTest/build/TeeMoTest.xcarchive/BCSymbolMaps/036DCA5E-5263-3D1B-9DCC-89B3ECAB3E56.bcsymbolmap' '/var/folders/tm/h96gfqgn72z2nmtb071rzgyc0000gn/T/XcodeDistPipeline.JQo/Root/BCSymbolMaps/036DCA5E-5263-3D1B-9DCC-89B3ECAB3E56.bcsymbolmap'
2018-12-07 15:04:02 +0000  >>> Copying /Users/teemo/Desktop/SwiftTest/TeeMoTest/build/TeeMoTest.xcarchive/BCSymbolMaps/036DCA5E-5263-3D1B-9DCC-89B3ECAB3E56.bcsymbolmap 
2018-12-07 15:04:02 +0000  copying file ./036DCA5E-5263-3D1B-9DCC-89B3ECAB3E56.bcsymbolmap ... 
2018-12-07 15:04:02 +0000  1290 bytes for ./036DCA5E-5263-3D1B-9DCC-89B3ECAB3E56.bcsymbolmap
2018-12-07 15:04:02 +0000 [MT] /usr/bin/ditto exited with 0
2018-12-07 15:04:02 +0000 [MT] Processing step: IDEDistributionSymbolsStep
2018-12-07 15:04:02 +0000 [MT] Excluding symbols for TeeMoTest.app
2018-12-07 15:04:02 +0000 [MT] Processing step: IDEDistributionCopyAppleProvidedContentStep
2018-12-07 15:04:02 +0000 [MT] Processing step: IDEDistributionAppThinningStep
2018-12-07 15:04:02 +0000 [MT] Skipping step: IDEDistributionAppThinningStep because it said so
2018-12-07 15:04:02 +0000 [MT] Processing step: IDEDistributionODRStep
2018-12-07 15:04:02 +0000 [MT] Processing step: IDEDistributionStripXattrsStep
2018-12-07 15:04:02 +0000 [MT] Running /usr/bin/xattr '-crs' '/var/folders/tm/h96gfqgn72z2nmtb071rzgyc0000gn/T/XcodeDistPipeline.JQo/Root/Payload/TeeMoTest.app'
2018-12-07 15:04:03 +0000 [MT] /usr/bin/xattr exited with 0
2018-12-07 15:04:03 +0000 [MT] Processing step: IDEDistributionCodesignStep
2018-12-07 15:04:03 +0000 [MT] Entitlements for <IDEDistributionItem: 0x7f98c4b1f410 'TeeMo.Test' '<DVTFilePath:0x7f98c49298a0:'/Users/teemo/Desktop/SwiftTest/TeeMoTest/build/TeeMoTest.xcarchive/Products/Applications/TeeMoTest.app'>'>: {
    "application-identifier" = "V52CQL5L43.TeeMo.Test";
    "beta-reports-active" = 1;
    "com.apple.developer.team-identifier" = V52CQL5L43;
    "get-task-allow" = 0;
    "keychain-access-groups" =     (
        "V52CQL5L43.TeeMo.Test"
    );
}
2018-12-07 15:04:03 +0000 [MT] Writing entitlements for <IDEDistributionItem: 0x7f98c4b1f410 'TeeMo.Test' '<DVTFilePath:0x7f98c49298a0:'/Users/teemo/Desktop/SwiftTest/TeeMoTest/build/TeeMoTest.xcarchive/Products/Applications/TeeMoTest.app'>'> to: /var/folders/tm/h96gfqgn72z2nmtb071rzgyc0000gn/T/XcodeDistPipeline.JQo/entitlementsyqAU6X
2018-12-07 15:04:03 +0000 [MT] Running /usr/bin/codesign '-vvv' '--force' '--sign' '5AB8E431D0953E15ADF6915D17DF0C50F3D162D6' '--entitlements' '/var/folders/tm/h96gfqgn72z2nmtb071rzgyc0000gn/T/XcodeDistPipeline.JQo/entitlementsyqAU6X' '--preserve-metadata=identifier,flags,runtime' '/var/folders/tm/h96gfqgn72z2nmtb071rzgyc0000gn/T/XcodeDistPipeline.JQo/Root/Payload/TeeMoTest.app'
2018-12-07 15:04:03 +0000  /var/folders/tm/h96gfqgn72z2nmtb071rzgyc0000gn/T/XcodeDistPipeline.JQo/Root/Payload/TeeMoTest.app: signed app bundle with Mach-O universal (armv7 arm64) [TeeMo.Test]
2018-12-07 15:04:03 +0000 [MT] /usr/bin/codesign exited with 0
2018-12-07 15:04:03 +0000 [MT] Processing step: IDEDistributionZipODRItemStep
2018-12-07 15:04:03 +0000 [MT] Skipping step: IDEDistributionZipODRItemStep because it said so
2018-12-07 15:04:03 +0000 [MT] Processing step: IDEDistributionCreateIPAStep
2018-12-07 15:04:03 +0000 [MT] Running /usr/bin/ditto '-V' '-c' '-k' '--norsrc' '/var/folders/tm/h96gfqgn72z2nmtb071rzgyc0000gn/T/XcodeDistPipeline.JQo/Root' '/var/folders/tm/h96gfqgn72z2nmtb071rzgyc0000gn/T/XcodeDistPipeline.JQo/Packages/TeeMoTest.ipa'
2018-12-07 15:04:03 +0000  >>> Copying /var/folders/tm/h96gfqgn72z2nmtb071rzgyc0000gn/T/XcodeDistPipeline.JQo/Root 
2018-12-07 15:04:03 +0000  copying file ./BCSymbolMaps/9A74F423-BC18-38B5-827B-36A456B164A1.bcsymbolmap ... 
2018-12-07 15:04:03 +0000  1290 bytes for ./BCSymbolMaps/9A74F423-BC18-38B5-827B-36A456B164A1.bcsymbolmap
2018-12-07 15:04:03 +0000  copying file ./BCSymbolMaps/036DCA5E-5263-3D1B-9DCC-89B3ECAB3E56.bcsymbolmap ... 
2018-12-07 15:04:03 +0000  1290 bytes for ./BCSymbolMaps/036DCA5E-5263-3D1B-9DCC-89B3ECAB3E56.bcsymbolmap
2018-12-07 15:04:03 +0000  copying file ./Payload/TeeMoTest.app/_CodeSignature/CodeResources ... 
2018-12-07 15:04:03 +0000  10187 bytes for ./Payload/TeeMoTest.app/_CodeSignature/CodeResources
copying file ./Payload/TeeMoTest.app/AppIcon20x20@2x.png ... 
2018-12-07 15:04:03 +0000  2022 bytes for ./Payload/TeeMoTest.app/AppIcon20x20@2x.png
copying file ./Payload/TeeMoTest.app/AppIcon20x20@3x.png ... 
2486 bytes for ./Payload/TeeMoTest.app/AppIcon20x20@3x.png
copying file ./Payload/TeeMoTest.app/AppIcon60x60@2x.png ... 
2018-12-07 15:04:03 +0000  4092 bytes for ./Payload/TeeMoTest.app/AppIcon60x60@2x.png
copying file ./Payload/TeeMoTest.app/AppIcon29x29@2x.png ... 
2018-12-07 15:04:03 +0000  2424 bytes for ./Payload/TeeMoTest.app/AppIcon29x29@2x.png
copying file ./Payload/TeeMoTest.app/AppIcon40x40@3x.png ... 
2018-12-07 15:04:03 +0000  4092 bytes for ./Payload/TeeMoTest.app/AppIcon40x40@3x.png
copying file ./Payload/TeeMoTest.app/AppIcon29x29~ipad.png ... 
2018-12-07 15:04:03 +0000  953 bytes for ./Payload/TeeMoTest.app/AppIcon29x29~ipad.png
copying file ./Payload/TeeMoTest.app/AppIcon40x40@2x.png ... 
2018-12-07 15:04:03 +0000  3163 bytes for ./Payload/TeeMoTest.app/AppIcon40x40@2x.png
copying file ./Payload/TeeMoTest.app/AppIcon29x29@3x.png ... 
2018-12-07 15:04:03 +0000  3321 bytes for ./Payload/TeeMoTest.app/AppIcon29x29@3x.png
copying file ./Payload/TeeMoTest.app/AppIcon60x60@3x.png ... 
2018-12-07 15:04:03 +0000  5657 bytes for ./Payload/TeeMoTest.app/AppIcon60x60@3x.png
copying file ./Payload/TeeMoTest.app/Base.lproj/Main.storyboardc/UIViewController-BYZ-38-t0r.nib ... 
2018-12-07 15:04:03 +0000  916 bytes for ./Payload/TeeMoTest.app/Base.lproj/Main.storyboardc/UIViewController-BYZ-38-t0r.nib
copying file ./Payload/TeeMoTest.app/Base.lproj/Main.storyboardc/BYZ-38-t0r-view-8bC-Xf-vdC.nib ... 
2018-12-07 15:04:03 +0000  1986 bytes for ./Payload/TeeMoTest.app/Base.lproj/Main.storyboardc/BYZ-38-t0r-view-8bC-Xf-vdC.nib
copying file ./Payload/TeeMoTest.app/Base.lproj/Main.storyboardc/Info.plist ... 
258 bytes for ./Payload/TeeMoTest.app/Base.lproj/Main.storyboardc/Info.plist
2018-12-07 15:04:03 +0000  copying file ./Payload/TeeMoTest.app/Base.lproj/LaunchScreen.storyboardc/01J-lp-oVM-view-Ze5-6b-2t3.nib ... 
1995 bytes for ./Payload/TeeMoTest.app/Base.lproj/LaunchScreen.storyboardc/01J-lp-oVM-view-Ze5-6b-2t3.nib
2018-12-07 15:04:03 +0000  copying file ./Payload/TeeMoTest.app/Base.lproj/LaunchScreen.storyboardc/UIViewController-01J-lp-oVM.nib ... 
832 bytes for ./Payload/TeeMoTest.app/Base.lproj/LaunchScreen.storyboardc/UIViewController-01J-lp-oVM.nib
copying file ./Payload/TeeMoTest.app/Base.lproj/LaunchScreen.storyboardc/Info.plist ... 
258 bytes for ./Payload/TeeMoTest.app/Base.lproj/LaunchScreen.storyboardc/Info.plist
2018-12-07 15:04:03 +0000  copying file ./Payload/TeeMoTest.app/TeeMoTest ... 
2018-12-07 15:04:03 +0000  244288 bytes for ./Payload/TeeMoTest.app/TeeMoTest
copying file ./Payload/TeeMoTest.app/Assets.car ... 
2018-12-07 15:04:03 +0000  97512 bytes for ./Payload/TeeMoTest.app/Assets.car
copying file ./Payload/TeeMoTest.app/AppIcon40x40@2x~ipad.png ... 
2018-12-07 15:04:03 +0000  3163 bytes for ./Payload/TeeMoTest.app/AppIcon40x40@2x~ipad.png
copying file ./Payload/TeeMoTest.app/AppIcon76x76@2x~ipad.png ... 
2018-12-07 15:04:03 +0000  4962 bytes for ./Payload/TeeMoTest.app/AppIcon76x76@2x~ipad.png
copying file ./Payload/TeeMoTest.app/AppIcon83.5x83.5@2x~ipad.png ... 
5575 bytes for ./Payload/TeeMoTest.app/AppIcon83.5x83.5@2x~ipad.png
copying file ./Payload/TeeMoTest.app/AppIcon29x29@2x~ipad.png ... 
2018-12-07 15:04:03 +0000  2424 bytes for ./Payload/TeeMoTest.app/AppIcon29x29@2x~ipad.png
copying file ./Payload/TeeMoTest.app/AppIcon40x40~ipad.png ... 
2018-12-07 15:04:03 +0000  2022 bytes for ./Payload/TeeMoTest.app/AppIcon40x40~ipad.png
copying file ./Payload/TeeMoTest.app/AppIcon20x20~ipad.png ... 
720 bytes for ./Payload/TeeMoTest.app/AppIcon20x20~ipad.png
copying file ./Payload/TeeMoTest.app/embedded.mobileprovision ... 
2018-12-07 15:04:03 +0000  7483 bytes for ./Payload/TeeMoTest.app/embedded.mobileprovision
copying file ./Payload/TeeMoTest.app/AppIcon20x20@2x~ipad.png ... 
2018-12-07 15:04:03 +0000  2022 bytes for ./Payload/TeeMoTest.app/AppIcon20x20@2x~ipad.png
copying file ./Payload/TeeMoTest.app/Info.plist ... 
2018-12-07 15:04:03 +0000  1356 bytes for ./Payload/TeeMoTest.app/Info.plist
copying file ./Payload/TeeMoTest.app/PkgInfo ... 
8 bytes for ./Payload/TeeMoTest.app/PkgInfo
copying file ./Payload/TeeMoTest.app/AppIcon76x76~ipad.png ... 
2018-12-07 15:04:03 +0000  2491 bytes for ./Payload/TeeMoTest.app/AppIcon76x76~ipad.png
2018-12-07 15:04:03 +0000 [MT] /usr/bin/ditto exited with 0
2018-12-07 15:04:03 +0000 [MT] Processing step: IDEDistributionAppStoreInformationStep
2018-12-07 15:04:03 +0000 [MT] Skipping step: IDEDistributionAppStoreInformationStep because it said so
2018-12-07 15:04:03 +0000 [MT] Processing step: IDEDistributionCreateManifestStep
2018-12-07 15:04:03 +0000 [MT] Skipping step: IDEDistributionCreateManifestStep because it said so
